
/home/iod/Documents/it academy/Spend-Note/src/Server/Server.cpp: line 166: main() started with threadid 140229667341184

/home/iod/Documents/it academy/Spend-Note/src/Server/HandlerFactory.cpp: GetHandler() finished with threadid 140229667313408

/home/iod/Documents/it academy/Spend-Note/src/Server/Server.cpp: ReadJSON() finished with threadid 140229667313408

/home/iod/Documents/it academy/Spend-Note/src/Server/Server.cpp: ParseRequest() finished with threadid 140229667313408

/home/iod/Documents/it academy/Spend-Note/src/Server/Handlers/LoginHandler.cpp: Parse() finished with threadid 140229667313408

/home/iod/Documents/it academy/Spend-Note/src/Server/Handlers/LoginHandler.cpp: Format() finished with threadid 140229667313408

/home/iod/Documents/it academy/Spend-Note/src/Server/Handlers/Common.cpp: FormJSONResponse() finished with threadid 140229667313408

/home/iod/Documents/it academy/Spend-Note/src/Server/Handlers/LoginHandler.cpp: Handle() finished with threadid 140229667313408

/home/iod/Documents/it academy/Spend-Note/src/Server/Server.cpp: SendResponse() finished with threadid 140229667313408

/home/iod/Documents/it academy/Spend-Note/src/Server/Server.cpp: handleRequest() finished with threadid 140229667313408

/home/iod/Documents/it academy/Spend-Note/src/Server/HandlerFactory.cpp: GetHandler() finished with threadid 140229667313408

/home/iod/Documents/it academy/Spend-Note/src/Server/Server.cpp: ParseRequest() finished with threadid 140229667313408

/home/iod/Documents/it academy/Spend-Note/src/Server/Handlers/AuthorizedHandler.cpp: DecodeJWTTokenBody() finished with threadid 140229667313408

/home/iod/Documents/it academy/Spend-Note/src/Server/Handlers/AuthorizedHandler.cpp: Parse() finished with threadid 140229667313408

/home/iod/Documents/it academy/Spend-Note/src/Server/Handlers/AuthorizedHandler.cpp: CheckAuthorization() finished with threadid 140229667313408

/home/iod/Documents/it academy/Spend-Note/src/Server/Handlers/List/GetListsHandler.cpp: Format() finished with threadid 140229667313408

/home/iod/Documents/it academy/Spend-Note/src/Server/Handlers/Common.cpp: FormJSONResponse() finished with threadid 140229667313408

/home/iod/Documents/it academy/Spend-Note/src/Server/Handlers/List/GetListsHandler.cpp: AuthHandle() finished with threadid 140229667313408

/home/iod/Documents/it academy/Spend-Note/src/Server/Handlers/AuthorizedHandler.cpp: Handle() finished with threadid 140229667313408

/home/iod/Documents/it academy/Spend-Note/src/Server/Server.cpp: SendResponse() finished with threadid 140229667313408

/home/iod/Documents/it academy/Spend-Note/src/Server/Server.cpp: handleRequest() finished with threadid 140229667313408

/home/iod/Documents/it academy/Spend-Note/src/Server/Server.cpp: main() finished with threadid 140229667341184
